Arguments: 
  C:\Program Files\nodejs\node.exe C:\Users\r.bekono\AppData\Roaming\npm\node_modules\yarn\bin\yarn.js

PATH: 
  C:\Users\r.bekono\Documents\outils\cmder_mini\vendor\conemu-maximus5\ConEmu\Scripts;C:\Users\r.bekono\Documents\outils\cmder_mini\vendor\conemu-maximus5;C:\Users\r.bekono\Documents\outils\cmder_mini\vendor\conemu-maximus5\ConEmu;C:\Users\r.bekono\Documents\outils\WINDOWS.X64_193000_db_home\bin;C:\Program Files\Common Files\Oracle\Java\javapath;C:\ProgramData\Oracle\Java\javapath;C:\Windows\system32;C:\Windows;C:\Windows\System32\Wbem;C:\Windows\System32\WindowsPowerShell\v1.0\;C:\Windows\System32\OpenSSH\;C:\Program Files\Java\jdk1.8.0_71\;C:\Users\r.bekono\Documents\outils\apache-maven-3.8.5\bin;C:\Program Files\Git\cmd;C:\Program Files\Java\jdk-11.0.12\;C:\Users\r.bekono\AppData\Local\Yarn\bin;C:\Program Files\PuTTY\;C:\Users\r.bekono\AppData\Local\Programs\Python\Python310\Scripts;C:\Program Files\Docker\Docker\resources\bin;C:\ProgramData\DockerDesktop\version-bin;C:\Program Files\Kubernetes\Minikube;C:\Program Files\nodejs\;C:\xampp\php;C:\ProgramData\ComposerSetup\bin;C:\Users\r.bekono\scoop\shims;C:\Users\r.bekono\AppData\Local\Microsoft\WindowsApps;C:\Users\r.bekono\AppData\Local\Programs\Microsoft VS Code\bin;C:\Program Files\JetBrains\IntelliJ IDEA 2021.3\bin;C:\Program Files\Java\jdk-11.0.12\;C:\Program Files\Java\jdk1.8.0_71\;C:\Program Files\nodejs;C:\Users\r.bekono\AppData\Local\Yarn\bin;C:\Users\r.bekono\AppData\Roaming\npm;C:\Users\r.bekono\AppData\Roaming\Composer\vendor\bin;C:\Program Files\Git\mingw64\bin;C:\Program Files\Git\usr\bin;C:\Users\r.bekono\Documents\outils\cmder_mini\vendor\bin;C:\Users\r.bekono\Documents\outils\cmder_mini

Yarn version: 
  1.21.1

Node version: 
  14.17.0

Platform: 
  win32 x64

Trace: 
  Error: unable to get local issuer certificate
      at TLSSocket.onConnectSecure (_tls_wrap.js:1507:34)
      at TLSSocket.emit (events.js:376:20)
      at TLSSocket._finishInit (_tls_wrap.js:932:8)
      at TLSWrap.ssl.onhandshakedone (_tls_wrap.js:706:12)

npm manifest: 
  {
    "name": "AwesomeProject",
    "version": "1.0.0",
    "main": "node_modules/expo/AppEntry.js",
    "scripts": {
      "start": "expo start",
      "android": "expo start --android",
      "ios": "expo start --ios",
      "web": "expo start --web",
      "eject": "expo eject"
    },
    "dependencies": {
      "@react-navigation/native": "^6.0.11",
      "@react-navigation/native-stack": "^6.7.0",
      "expo": "~45.0.0",
      "expo-status-bar": "~1.3.0",
      "react": "17.0.2",
      "react-dom": "17.0.2",
      "react-native": "0.68.2",
      "react-native-app-intro-slider": "^4.0.4",
      "react-native-appearance": "~0.3.3",
      "react-native-safe-area-context": "4.2.4",
      "react-native-screens": "~3.11.1",
      "react-native-web": "0.17.7"
    },
    "devDependencies": {
      "@babel/core": "^7.12.9"
    },
    "private": true
  }

yarn manifest: 
  No manifest

Lockfile: 
  No lockfile
